{"/Users/paul/turing/mod4/other/quantified_self/app.js": {"path":"/Users/paul/turing/mod4/other/quantified_self/app.js","statementMap":{"0":{"start":{"line":1,"column":14},"end":{"line":1,"column":32}},"1":{"start":{"line":2,"column":11},"end":{"line":2,"column":26}},"2":{"start":{"line":3,"column":19},"end":{"line":3,"column":43}},"3":{"start":{"line":4,"column":13},"end":{"line":4,"column":30}},"4":{"start":{"line":6,"column":18},"end":{"line":6,"column":43}},"5":{"start":{"line":7,"column":18},"end":{"line":7,"column":43}},"6":{"start":{"line":8,"column":18},"end":{"line":8,"column":50}},"7":{"start":{"line":9,"column":18},"end":{"line":9,"column":50}},"8":{"start":{"line":11,"column":10},"end":{"line":11,"column":19}},"9":{"start":{"line":13,"column":0},"end":{"line":13,"column":23}},"10":{"start":{"line":14,"column":0},"end":{"line":14,"column":24}},"11":{"start":{"line":15,"column":0},"end":{"line":15,"column":49}},"12":{"start":{"line":16,"column":0},"end":{"line":16,"column":24}},"13":{"start":{"line":17,"column":0},"end":{"line":17,"column":56}},"14":{"start":{"line":19,"column":0},"end":{"line":19,"column":26}},"15":{"start":{"line":20,"column":0},"end":{"line":20,"column":31}},"16":{"start":{"line":21,"column":0},"end":{"line":21,"column":38}},"17":{"start":{"line":22,"column":0},"end":{"line":22,"column":38}},"18":{"start":{"line":24,"column":0},"end":{"line":24,"column":21}}},"fnMap":{},"branchMap":{},"s":{"0":2,"1":2,"2":2,"3":2,"4":2,"5":2,"6":2,"7":2,"8":2,"9":2,"10":2,"11":2,"12":2,"13":2,"14":2,"15":2,"16":2,"17":2,"18":2},"f":{},"b":{},"_coverageSchema":"43e27e138ebf9cfc5966b082cf9a028302ed4184","hash":"f2a7e857b5ce151893865f9ffa9693622c2523cc"}
,"/Users/paul/turing/mod4/other/quantified_self/models/food.js": {"path":"/Users/paul/turing/mod4/other/quantified_self/models/food.js","statementMap":{"0":{"start":{"line":2,"column":0},"end":{"line":12,"column":2}},"1":{"start":{"line":3,"column":15},"end":{"line":6,"column":8}},"2":{"start":{"line":7,"column":2},"end":{"line":10,"column":4}},"3":{"start":{"line":9,"column":4},"end":{"line":9,"column":106}},"4":{"start":{"line":11,"column":2},"end":{"line":11,"column":14}}},"fnMap":{"0":{"name":"(anonymous_0)","decl":{"start":{"line":2,"column":17},"end":{"line":2,"column":18}},"loc":{"start":{"line":2,"column":43},"end":{"line":12,"column":1}},"line":2},"1":{"name":"(anonymous_1)","decl":{"start":{"line":7,"column":19},"end":{"line":7,"column":20}},"loc":{"start":{"line":7,"column":36},"end":{"line":10,"column":3}},"line":7}},"branchMap":{},"s":{"0":2,"1":2,"2":2,"3":2,"4":2},"f":{"0":2,"1":2},"b":{},"_coverageSchema":"43e27e138ebf9cfc5966b082cf9a028302ed4184","hash":"fdfe4c96f7809a7da0e72acca47f84d506e5f4f1"}
,"/Users/paul/turing/mod4/other/quantified_self/models/index.js": {"path":"/Users/paul/turing/mod4/other/quantified_self/models/index.js","statementMap":{"0":{"start":{"line":3,"column":11},"end":{"line":3,"column":24}},"1":{"start":{"line":4,"column":13},"end":{"line":4,"column":28}},"2":{"start":{"line":5,"column":18},"end":{"line":5,"column":38}},"3":{"start":{"line":6,"column":17},"end":{"line":6,"column":42}},"4":{"start":{"line":7,"column":12},"end":{"line":7,"column":49}},"5":{"start":{"line":8,"column":15},"end":{"line":8,"column":65}},"6":{"start":{"line":9,"column":11},"end":{"line":9,"column":13}},"7":{"start":{"line":12,"column":0},"end":{"line":16,"column":1}},"8":{"start":{"line":13,"column":2},"end":{"line":13,"column":74}},"9":{"start":{"line":15,"column":2},"end":{"line":15,"column":87}},"10":{"start":{"line":18,"column":0},"end":{"line":26,"column":5}},"11":{"start":{"line":21,"column":4},"end":{"line":21,"column":90}},"12":{"start":{"line":24,"column":18},"end":{"line":24,"column":65}},"13":{"start":{"line":25,"column":4},"end":{"line":25,"column":27}},"14":{"start":{"line":28,"column":0},"end":{"line":32,"column":3}},"15":{"start":{"line":29,"column":2},"end":{"line":31,"column":3}},"16":{"start":{"line":30,"column":4},"end":{"line":30,"column":32}},"17":{"start":{"line":34,"column":0},"end":{"line":34,"column":25}},"18":{"start":{"line":35,"column":0},"end":{"line":35,"column":25}},"19":{"start":{"line":37,"column":0},"end":{"line":37,"column":20}}},"fnMap":{"0":{"name":"(anonymous_0)","decl":{"start":{"line":20,"column":10},"end":{"line":20,"column":11}},"loc":{"start":{"line":20,"column":18},"end":{"line":22,"column":3}},"line":20},"1":{"name":"(anonymous_1)","decl":{"start":{"line":23,"column":11},"end":{"line":23,"column":12}},"loc":{"start":{"line":23,"column":19},"end":{"line":26,"column":3}},"line":23},"2":{"name":"(anonymous_2)","decl":{"start":{"line":28,"column":24},"end":{"line":28,"column":25}},"loc":{"start":{"line":28,"column":37},"end":{"line":32,"column":1}},"line":28}},"branchMap":{"0":{"loc":{"start":{"line":7,"column":12},"end":{"line":7,"column":49}},"type":"binary-expr","locations":[{"start":{"line":7,"column":12},"end":{"line":7,"column":32}},{"start":{"line":7,"column":36},"end":{"line":7,"column":49}}],"line":7},"1":{"loc":{"start":{"line":12,"column":0},"end":{"line":16,"column":1}},"type":"if","locations":[{"start":{"line":12,"column":0},"end":{"line":16,"column":1}},{"start":{"line":12,"column":0},"end":{"line":16,"column":1}}],"line":12},"2":{"loc":{"start":{"line":21,"column":11},"end":{"line":21,"column":89}},"type":"binary-expr","locations":[{"start":{"line":21,"column":12},"end":{"line":21,"column":35}},{"start":{"line":21,"column":41},"end":{"line":21,"column":58}},{"start":{"line":21,"column":64},"end":{"line":21,"column":88}}],"line":21},"3":{"loc":{"start":{"line":29,"column":2},"end":{"line":31,"column":3}},"type":"if","locations":[{"start":{"line":29,"column":2},"end":{"line":31,"column":3}},{"start":{"line":29,"column":2},"end":{"line":31,"column":3}}],"line":29}},"s":{"0":2,"1":2,"2":2,"3":2,"4":2,"5":2,"6":2,"7":2,"8":0,"9":2,"10":2,"11":8,"12":6,"13":6,"14":2,"15":6,"16":6,"17":2,"18":2,"19":2},"f":{"0":8,"1":6,"2":6},"b":{"0":[2,0],"1":[0,2],"2":[8,8,6],"3":[6,0]},"_coverageSchema":"43e27e138ebf9cfc5966b082cf9a028302ed4184","hash":"3b7330a5745d04f9c3d012ee9b3a64ca75ce89c2"}
,"/Users/paul/turing/mod4/other/quantified_self/models/meal.js": {"path":"/Users/paul/turing/mod4/other/quantified_self/models/meal.js","statementMap":{"0":{"start":{"line":2,"column":0},"end":{"line":11,"column":2}},"1":{"start":{"line":3,"column":15},"end":{"line":5,"column":8}},"2":{"start":{"line":6,"column":2},"end":{"line":9,"column":4}},"3":{"start":{"line":8,"column":4},"end":{"line":8,"column":106}},"4":{"start":{"line":10,"column":2},"end":{"line":10,"column":14}}},"fnMap":{"0":{"name":"(anonymous_0)","decl":{"start":{"line":2,"column":17},"end":{"line":2,"column":18}},"loc":{"start":{"line":2,"column":43},"end":{"line":11,"column":1}},"line":2},"1":{"name":"(anonymous_1)","decl":{"start":{"line":6,"column":19},"end":{"line":6,"column":20}},"loc":{"start":{"line":6,"column":36},"end":{"line":9,"column":3}},"line":6}},"branchMap":{},"s":{"0":2,"1":2,"2":2,"3":2,"4":2},"f":{"0":2,"1":2},"b":{},"_coverageSchema":"43e27e138ebf9cfc5966b082cf9a028302ed4184","hash":"fac0e2112a68b7148b3a942172605af3592413f1"}
,"/Users/paul/turing/mod4/other/quantified_self/models/mealfood.js": {"path":"/Users/paul/turing/mod4/other/quantified_self/models/mealfood.js","statementMap":{"0":{"start":{"line":2,"column":0},"end":{"line":13,"column":2}},"1":{"start":{"line":3,"column":19},"end":{"line":6,"column":8}},"2":{"start":{"line":7,"column":2},"end":{"line":11,"column":4}},"3":{"start":{"line":9,"column":4},"end":{"line":9,"column":31}},"4":{"start":{"line":10,"column":4},"end":{"line":10,"column":31}},"5":{"start":{"line":12,"column":2},"end":{"line":12,"column":18}}},"fnMap":{"0":{"name":"(anonymous_0)","decl":{"start":{"line":2,"column":17},"end":{"line":2,"column":18}},"loc":{"start":{"line":2,"column":43},"end":{"line":13,"column":1}},"line":2},"1":{"name":"(anonymous_1)","decl":{"start":{"line":7,"column":23},"end":{"line":7,"column":24}},"loc":{"start":{"line":7,"column":40},"end":{"line":11,"column":3}},"line":7}},"branchMap":{},"s":{"0":2,"1":2,"2":2,"3":2,"4":2,"5":2},"f":{"0":2,"1":2},"b":{},"_coverageSchema":"43e27e138ebf9cfc5966b082cf9a028302ed4184","hash":"321cd3656968cc313d986ecd7aa6a6607176ac2b"}
,"/Users/paul/turing/mod4/other/quantified_self/routes/index.js": {"path":"/Users/paul/turing/mod4/other/quantified_self/routes/index.js","statementMap":{"0":{"start":{"line":1,"column":14},"end":{"line":1,"column":32}},"1":{"start":{"line":2,"column":13},"end":{"line":2,"column":29}},"2":{"start":{"line":5,"column":0},"end":{"line":7,"column":3}},"3":{"start":{"line":6,"column":2},"end":{"line":6,"column":44}},"4":{"start":{"line":9,"column":0},"end":{"line":9,"column":24}}},"fnMap":{"0":{"name":"(anonymous_0)","decl":{"start":{"line":5,"column":16},"end":{"line":5,"column":17}},"loc":{"start":{"line":5,"column":41},"end":{"line":7,"column":1}},"line":5}},"branchMap":{},"s":{"0":2,"1":2,"2":2,"3":0,"4":2},"f":{"0":0},"b":{},"_coverageSchema":"43e27e138ebf9cfc5966b082cf9a028302ed4184","hash":"69dd933e37c0ba9ffc6d1722d51c9e4ebb443b51"}
,"/Users/paul/turing/mod4/other/quantified_self/routes/users.js": {"path":"/Users/paul/turing/mod4/other/quantified_self/routes/users.js","statementMap":{"0":{"start":{"line":1,"column":14},"end":{"line":1,"column":32}},"1":{"start":{"line":2,"column":13},"end":{"line":2,"column":29}},"2":{"start":{"line":5,"column":0},"end":{"line":7,"column":3}},"3":{"start":{"line":6,"column":2},"end":{"line":6,"column":38}},"4":{"start":{"line":9,"column":0},"end":{"line":9,"column":24}}},"fnMap":{"0":{"name":"(anonymous_0)","decl":{"start":{"line":5,"column":16},"end":{"line":5,"column":17}},"loc":{"start":{"line":5,"column":41},"end":{"line":7,"column":1}},"line":5}},"branchMap":{},"s":{"0":2,"1":2,"2":2,"3":0,"4":2},"f":{"0":0},"b":{},"_coverageSchema":"43e27e138ebf9cfc5966b082cf9a028302ed4184","hash":"d688b6cc43907240e7b541ec0b0fd3cd12a9a032"}
,"/Users/paul/turing/mod4/other/quantified_self/routes/api/v1/foods.js": {"path":"/Users/paul/turing/mod4/other/quantified_self/routes/api/v1/foods.js","statementMap":{"0":{"start":{"line":1,"column":14},"end":{"line":1,"column":32}},"1":{"start":{"line":2,"column":13},"end":{"line":2,"column":29}},"2":{"start":{"line":3,"column":11},"end":{"line":3,"column":42}},"3":{"start":{"line":5,"column":0},"end":{"line":15,"column":3}},"4":{"start":{"line":6,"column":1},"end":{"line":14,"column":6}},"5":{"start":{"line":8,"column":5},"end":{"line":8,"column":55}},"6":{"start":{"line":9,"column":5},"end":{"line":9,"column":49}},"7":{"start":{"line":12,"column":5},"end":{"line":12,"column":55}},"8":{"start":{"line":13,"column":5},"end":{"line":13,"column":34}},"9":{"start":{"line":17,"column":0},"end":{"line":36,"column":3}},"10":{"start":{"line":18,"column":1},"end":{"line":35,"column":6}},"11":{"start":{"line":24,"column":5},"end":{"line":30,"column":4}},"12":{"start":{"line":25,"column":5},"end":{"line":25,"column":55}},"13":{"start":{"line":26,"column":5},"end":{"line":26,"column":48}},"14":{"start":{"line":28,"column":5},"end":{"line":28,"column":55}},"15":{"start":{"line":29,"column":5},"end":{"line":29,"column":58}},"16":{"start":{"line":33,"column":5},"end":{"line":33,"column":55}},"17":{"start":{"line":34,"column":5},"end":{"line":34,"column":34}},"18":{"start":{"line":38,"column":0},"end":{"line":56,"column":3}},"19":{"start":{"line":39,"column":1},"end":{"line":55,"column":2}},"20":{"start":{"line":40,"column":3},"end":{"line":51,"column":6}},"21":{"start":{"line":45,"column":5},"end":{"line":45,"column":55}},"22":{"start":{"line":46,"column":5},"end":{"line":46,"column":48}},"23":{"start":{"line":49,"column":5},"end":{"line":49,"column":55}},"24":{"start":{"line":50,"column":5},"end":{"line":50,"column":35}},"25":{"start":{"line":53,"column":3},"end":{"line":53,"column":53}},"26":{"start":{"line":54,"column":3},"end":{"line":54,"column":99}},"27":{"start":{"line":58,"column":0},"end":{"line":89,"column":3}},"28":{"start":{"line":59,"column":1},"end":{"line":88,"column":2}},"29":{"start":{"line":60,"column":3},"end":{"line":84,"column":6}},"30":{"start":{"line":66,"column":5},"end":{"line":79,"column":6}},"31":{"start":{"line":67,"column":7},"end":{"line":78,"column":9}},"32":{"start":{"line":72,"column":9},"end":{"line":72,"column":59}},"33":{"start":{"line":73,"column":9},"end":{"line":73,"column":54}},"34":{"start":{"line":76,"column":9},"end":{"line":76,"column":59}},"35":{"start":{"line":77,"column":9},"end":{"line":77,"column":38}},"36":{"start":{"line":82,"column":5},"end":{"line":82,"column":55}},"37":{"start":{"line":83,"column":5},"end":{"line":83,"column":34}},"38":{"start":{"line":86,"column":3},"end":{"line":86,"column":53}},"39":{"start":{"line":87,"column":3},"end":{"line":87,"column":99}},"40":{"start":{"line":91,"column":0},"end":{"line":114,"column":2}},"41":{"start":{"line":92,"column":1},"end":{"line":113,"column":3}},"42":{"start":{"line":98,"column":3},"end":{"line":112,"column":4}},"43":{"start":{"line":99,"column":5},"end":{"line":108,"column":7}},"44":{"start":{"line":101,"column":7},"end":{"line":101,"column":27}},"45":{"start":{"line":102,"column":7},"end":{"line":102,"column":57}},"46":{"start":{"line":103,"column":7},"end":{"line":103,"column":29}},"47":{"start":{"line":106,"column":7},"end":{"line":106,"column":57}},"48":{"start":{"line":107,"column":7},"end":{"line":107,"column":37}},"49":{"start":{"line":110,"column":5},"end":{"line":110,"column":55}},"50":{"start":{"line":111,"column":5},"end":{"line":111,"column":61}},"51":{"start":{"line":116,"column":0},"end":{"line":116,"column":24}}},"fnMap":{"0":{"name":"(anonymous_0)","decl":{"start":{"line":5,"column":16},"end":{"line":5,"column":17}},"loc":{"start":{"line":5,"column":41},"end":{"line":15,"column":1}},"line":5},"1":{"name":"(anonymous_1)","decl":{"start":{"line":7,"column":9},"end":{"line":7,"column":10}},"loc":{"start":{"line":7,"column":18},"end":{"line":10,"column":4}},"line":7},"2":{"name":"(anonymous_2)","decl":{"start":{"line":11,"column":10},"end":{"line":11,"column":11}},"loc":{"start":{"line":11,"column":19},"end":{"line":14,"column":4}},"line":11},"3":{"name":"(anonymous_3)","decl":{"start":{"line":17,"column":19},"end":{"line":17,"column":20}},"loc":{"start":{"line":17,"column":44},"end":{"line":36,"column":1}},"line":17},"4":{"name":"(anonymous_4)","decl":{"start":{"line":23,"column":9},"end":{"line":23,"column":10}},"loc":{"start":{"line":23,"column":17},"end":{"line":31,"column":4}},"line":23},"5":{"name":"(anonymous_5)","decl":{"start":{"line":32,"column":10},"end":{"line":32,"column":11}},"loc":{"start":{"line":32,"column":19},"end":{"line":35,"column":4}},"line":32},"6":{"name":"(anonymous_6)","decl":{"start":{"line":38,"column":17},"end":{"line":38,"column":18}},"loc":{"start":{"line":38,"column":42},"end":{"line":56,"column":1}},"line":38},"7":{"name":"(anonymous_7)","decl":{"start":{"line":44,"column":9},"end":{"line":44,"column":10}},"loc":{"start":{"line":44,"column":17},"end":{"line":47,"column":4}},"line":44},"8":{"name":"(anonymous_8)","decl":{"start":{"line":48,"column":10},"end":{"line":48,"column":11}},"loc":{"start":{"line":48,"column":19},"end":{"line":51,"column":4}},"line":48},"9":{"name":"(anonymous_9)","decl":{"start":{"line":58,"column":21},"end":{"line":58,"column":22}},"loc":{"start":{"line":58,"column":46},"end":{"line":89,"column":1}},"line":58},"10":{"name":"(anonymous_10)","decl":{"start":{"line":65,"column":9},"end":{"line":65,"column":10}},"loc":{"start":{"line":65,"column":17},"end":{"line":80,"column":4}},"line":65},"11":{"name":"(anonymous_11)","decl":{"start":{"line":71,"column":13},"end":{"line":71,"column":14}},"loc":{"start":{"line":71,"column":23},"end":{"line":74,"column":8}},"line":71},"12":{"name":"(anonymous_12)","decl":{"start":{"line":75,"column":14},"end":{"line":75,"column":15}},"loc":{"start":{"line":75,"column":23},"end":{"line":78,"column":8}},"line":75},"13":{"name":"(anonymous_13)","decl":{"start":{"line":81,"column":10},"end":{"line":81,"column":11}},"loc":{"start":{"line":81,"column":19},"end":{"line":84,"column":4}},"line":81},"14":{"name":"(anonymous_14)","decl":{"start":{"line":91,"column":22},"end":{"line":91,"column":23}},"loc":{"start":{"line":91,"column":47},"end":{"line":114,"column":1}},"line":91},"15":{"name":"(anonymous_15)","decl":{"start":{"line":97,"column":7},"end":{"line":97,"column":8}},"loc":{"start":{"line":97,"column":15},"end":{"line":113,"column":2}},"line":97},"16":{"name":"(anonymous_16)","decl":{"start":{"line":100,"column":11},"end":{"line":100,"column":12}},"loc":{"start":{"line":100,"column":22},"end":{"line":104,"column":6}},"line":100},"17":{"name":"(anonymous_17)","decl":{"start":{"line":105,"column":12},"end":{"line":105,"column":13}},"loc":{"start":{"line":105,"column":21},"end":{"line":108,"column":6}},"line":105}},"branchMap":{"0":{"loc":{"start":{"line":24,"column":5},"end":{"line":30,"column":4}},"type":"if","locations":[{"start":{"line":24,"column":5},"end":{"line":30,"column":4}},{"start":{"line":24,"column":5},"end":{"line":30,"column":4}}],"line":24},"1":{"loc":{"start":{"line":39,"column":1},"end":{"line":55,"column":2}},"type":"if","locations":[{"start":{"line":39,"column":1},"end":{"line":55,"column":2}},{"start":{"line":39,"column":1},"end":{"line":55,"column":2}}],"line":39},"2":{"loc":{"start":{"line":39,"column":5},"end":{"line":39,"column":39}},"type":"binary-expr","locations":[{"start":{"line":39,"column":5},"end":{"line":39,"column":18}},{"start":{"line":39,"column":22},"end":{"line":39,"column":39}}],"line":39},"3":{"loc":{"start":{"line":59,"column":1},"end":{"line":88,"column":2}},"type":"if","locations":[{"start":{"line":59,"column":1},"end":{"line":88,"column":2}},{"start":{"line":59,"column":1},"end":{"line":88,"column":2}}],"line":59},"4":{"loc":{"start":{"line":59,"column":5},"end":{"line":59,"column":39}},"type":"binary-expr","locations":[{"start":{"line":59,"column":5},"end":{"line":59,"column":18}},{"start":{"line":59,"column":22},"end":{"line":59,"column":39}}],"line":59},"5":{"loc":{"start":{"line":66,"column":5},"end":{"line":79,"column":6}},"type":"if","locations":[{"start":{"line":66,"column":5},"end":{"line":79,"column":6}},{"start":{"line":66,"column":5},"end":{"line":79,"column":6}}],"line":66},"6":{"loc":{"start":{"line":98,"column":3},"end":{"line":112,"column":4}},"type":"if","locations":[{"start":{"line":98,"column":3},"end":{"line":112,"column":4}},{"start":{"line":98,"column":3},"end":{"line":112,"column":4}}],"line":98}},"s":{"0":2,"1":2,"2":2,"3":2,"4":1,"5":1,"6":1,"7":0,"8":0,"9":2,"10":2,"11":2,"12":1,"13":1,"14":1,"15":1,"16":0,"17":0,"18":2,"19":2,"20":1,"21":1,"22":1,"23":0,"24":0,"25":1,"26":1,"27":2,"28":2,"29":1,"30":0,"31":0,"32":0,"33":0,"34":0,"35":0,"36":0,"37":0,"38":1,"39":1,"40":2,"41":1,"42":1,"43":0,"44":0,"45":0,"46":0,"47":0,"48":0,"49":1,"50":1,"51":2},"f":{"0":1,"1":1,"2":0,"3":2,"4":2,"5":0,"6":2,"7":1,"8":0,"9":2,"10":0,"11":0,"12":0,"13":0,"14":1,"15":1,"16":0,"17":0},"b":{"0":[1,1],"1":[1,1],"2":[2,1],"3":[1,1],"4":[2,1],"5":[0,0],"6":[0,1]},"_coverageSchema":"43e27e138ebf9cfc5966b082cf9a028302ed4184","hash":"7cf49ed01f0bcf0ded117ce1793c221f8632be81"}
,"/Users/paul/turing/mod4/other/quantified_self/routes/api/v1/meals.js": {"path":"/Users/paul/turing/mod4/other/quantified_self/routes/api/v1/meals.js","statementMap":{"0":{"start":{"line":1,"column":14},"end":{"line":1,"column":32}},"1":{"start":{"line":2,"column":13},"end":{"line":2,"column":29}},"2":{"start":{"line":3,"column":11},"end":{"line":3,"column":42}},"3":{"start":{"line":4,"column":11},"end":{"line":4,"column":42}},"4":{"start":{"line":5,"column":15},"end":{"line":5,"column":50}},"5":{"start":{"line":7,"column":0},"end":{"line":16,"column":3}},"6":{"start":{"line":8,"column":2},"end":{"line":8,"column":52}},"7":{"start":{"line":9,"column":2},"end":{"line":15,"column":5}},"8":{"start":{"line":11,"column":8},"end":{"line":14,"column":67}},"9":{"start":{"line":18,"column":0},"end":{"line":50,"column":2}},"10":{"start":{"line":19,"column":2},"end":{"line":19,"column":51}},"11":{"start":{"line":20,"column":13},"end":{"line":24,"column":33}},"12":{"start":{"line":25,"column":13},"end":{"line":30,"column":32}},"13":{"start":{"line":31,"column":2},"end":{"line":49,"column":3}},"14":{"start":{"line":32,"column":21},"end":{"line":37,"column":11}},"15":{"start":{"line":38,"column":6},"end":{"line":46,"column":7}},"16":{"start":{"line":39,"column":8},"end":{"line":39,"column":71}},"17":{"start":{"line":41,"column":8},"end":{"line":44,"column":10}},"18":{"start":{"line":45,"column":8},"end":{"line":45,"column":83}},"19":{"start":{"line":52,"column":0},"end":{"line":61,"column":2}},"20":{"start":{"line":53,"column":2},"end":{"line":53,"column":51}},"21":{"start":{"line":54,"column":4},"end":{"line":60,"column":50}},"22":{"start":{"line":59,"column":18},"end":{"line":59,"column":61}},"23":{"start":{"line":60,"column":19},"end":{"line":60,"column":48}},"24":{"start":{"line":63,"column":0},"end":{"line":75,"column":2}},"25":{"start":{"line":64,"column":2},"end":{"line":64,"column":51}},"26":{"start":{"line":65,"column":2},"end":{"line":74,"column":49}},"27":{"start":{"line":73,"column":18},"end":{"line":73,"column":61}},"28":{"start":{"line":74,"column":19},"end":{"line":74,"column":48}},"29":{"start":{"line":77,"column":0},"end":{"line":100,"column":2}},"30":{"start":{"line":78,"column":2},"end":{"line":78,"column":51}},"31":{"start":{"line":79,"column":13},"end":{"line":83,"column":33}},"32":{"start":{"line":84,"column":13},"end":{"line":89,"column":32}},"33":{"start":{"line":90,"column":2},"end":{"line":99,"column":3}},"34":{"start":{"line":91,"column":4},"end":{"line":95,"column":28}},"35":{"start":{"line":96,"column":4},"end":{"line":96,"column":83}},"36":{"start":{"line":98,"column":4},"end":{"line":98,"column":55}},"37":{"start":{"line":105,"column":0},"end":{"line":105,"column":23}}},"fnMap":{"0":{"name":"(anonymous_0)","decl":{"start":{"line":7,"column":17},"end":{"line":7,"column":18}},"loc":{"start":{"line":7,"column":41},"end":{"line":16,"column":1}},"line":7},"1":{"name":"(anonymous_1)","decl":{"start":{"line":18,"column":38},"end":{"line":18,"column":39}},"loc":{"start":{"line":18,"column":68},"end":{"line":50,"column":1}},"line":18},"2":{"name":"(anonymous_2)","decl":{"start":{"line":52,"column":16},"end":{"line":52,"column":17}},"loc":{"start":{"line":52,"column":41},"end":{"line":61,"column":1}},"line":52},"3":{"name":"(anonymous_3)","decl":{"start":{"line":59,"column":9},"end":{"line":59,"column":10}},"loc":{"start":{"line":59,"column":18},"end":{"line":59,"column":61}},"line":59},"4":{"name":"(anonymous_4)","decl":{"start":{"line":60,"column":10},"end":{"line":60,"column":11}},"loc":{"start":{"line":60,"column":19},"end":{"line":60,"column":48}},"line":60},"5":{"name":"(anonymous_5)","decl":{"start":{"line":63,"column":29},"end":{"line":63,"column":30}},"loc":{"start":{"line":63,"column":54},"end":{"line":75,"column":1}},"line":63},"6":{"name":"(anonymous_6)","decl":{"start":{"line":73,"column":9},"end":{"line":73,"column":10}},"loc":{"start":{"line":73,"column":18},"end":{"line":73,"column":61}},"line":73},"7":{"name":"(anonymous_7)","decl":{"start":{"line":74,"column":10},"end":{"line":74,"column":11}},"loc":{"start":{"line":74,"column":19},"end":{"line":74,"column":48}},"line":74},"8":{"name":"(anonymous_8)","decl":{"start":{"line":77,"column":40},"end":{"line":77,"column":41}},"loc":{"start":{"line":77,"column":71},"end":{"line":100,"column":1}},"line":77}},"branchMap":{"0":{"loc":{"start":{"line":9,"column":2},"end":{"line":15,"column":5}},"type":"if","locations":[{"start":{"line":9,"column":2},"end":{"line":15,"column":5}},{"start":{"line":9,"column":2},"end":{"line":15,"column":5}}],"line":9},"1":{"loc":{"start":{"line":31,"column":2},"end":{"line":49,"column":3}},"type":"if","locations":[{"start":{"line":31,"column":2},"end":{"line":49,"column":3}},{"start":{"line":31,"column":2},"end":{"line":49,"column":3}}],"line":31},"2":{"loc":{"start":{"line":31,"column":6},"end":{"line":31,"column":18}},"type":"binary-expr","locations":[{"start":{"line":31,"column":6},"end":{"line":31,"column":10}},{"start":{"line":31,"column":14},"end":{"line":31,"column":18}}],"line":31},"3":{"loc":{"start":{"line":38,"column":6},"end":{"line":46,"column":7}},"type":"if","locations":[{"start":{"line":38,"column":6},"end":{"line":46,"column":7}},{"start":{"line":38,"column":6},"end":{"line":46,"column":7}}],"line":38},"4":{"loc":{"start":{"line":90,"column":2},"end":{"line":99,"column":3}},"type":"if","locations":[{"start":{"line":90,"column":2},"end":{"line":99,"column":3}},{"start":{"line":90,"column":2},"end":{"line":99,"column":3}}],"line":90},"5":{"loc":{"start":{"line":90,"column":6},"end":{"line":90,"column":18}},"type":"binary-expr","locations":[{"start":{"line":90,"column":6},"end":{"line":90,"column":10}},{"start":{"line":90,"column":14},"end":{"line":90,"column":18}}],"line":90}},"s":{"0":2,"1":2,"2":2,"3":2,"4":2,"5":2,"6":3,"7":3,"8":3,"9":2,"10":2,"11":2,"12":2,"13":2,"14":2,"15":2,"16":1,"17":1,"18":1,"19":2,"20":1,"21":1,"22":1,"23":0,"24":2,"25":1,"26":1,"27":1,"28":0,"29":2,"30":1,"31":1,"32":1,"33":1,"34":1,"35":1,"36":0,"37":2},"f":{"0":3,"1":2,"2":1,"3":1,"4":0,"5":1,"6":1,"7":0,"8":1},"b":{"0":[3,0],"1":[2,0],"2":[2,2],"3":[1,1],"4":[1,0],"5":[1,1]},"_coverageSchema":"43e27e138ebf9cfc5966b082cf9a028302ed4184","hash":"fcc2375f62bcd7d6992454e8f2eed6102c643c72"}
}
