TN:
SF:/Users/paul/turing/mod4/other/quantified_self/app.js
FNF:0
FNH:0
DA:1,2
DA:2,2
DA:3,2
DA:4,2
DA:6,2
DA:7,2
DA:8,2
DA:9,2
DA:11,2
DA:13,2
DA:14,2
DA:15,2
DA:16,2
DA:17,2
DA:19,2
DA:20,2
DA:21,2
DA:22,2
DA:24,2
LF:19
LH:19
BRF:0
BRH:0
end_of_record
TN:
SF:/Users/paul/turing/mod4/other/quantified_self/models/food.js
FN:2,(anonymous_0)
FN:7,(anonymous_1)
FNF:2
FNH:2
FNDA:2,(anonymous_0)
FNDA:2,(anonymous_1)
DA:2,2
DA:3,2
DA:7,2
DA:9,2
DA:11,2
LF:5
LH:5
BRF:0
BRH:0
end_of_record
TN:
SF:/Users/paul/turing/mod4/other/quantified_self/models/index.js
FN:20,(anonymous_0)
FN:23,(anonymous_1)
FN:28,(anonymous_2)
FNF:3
FNH:3
FNDA:8,(anonymous_0)
FNDA:6,(anonymous_1)
FNDA:6,(anonymous_2)
DA:3,2
DA:4,2
DA:5,2
DA:6,2
DA:7,2
DA:8,2
DA:9,2
DA:12,2
DA:13,0
DA:15,2
DA:18,2
DA:21,8
DA:24,6
DA:25,6
DA:28,2
DA:29,6
DA:30,6
DA:34,2
DA:35,2
DA:37,2
LF:20
LH:19
BRDA:7,0,0,2
BRDA:7,0,1,0
BRDA:12,1,0,0
BRDA:12,1,1,2
BRDA:21,2,0,8
BRDA:21,2,1,8
BRDA:21,2,2,6
BRDA:29,3,0,6
BRDA:29,3,1,0
BRF:9
BRH:6
end_of_record
TN:
SF:/Users/paul/turing/mod4/other/quantified_self/models/meal.js
FN:2,(anonymous_0)
FN:6,(anonymous_1)
FNF:2
FNH:2
FNDA:2,(anonymous_0)
FNDA:2,(anonymous_1)
DA:2,2
DA:3,2
DA:6,2
DA:8,2
DA:10,2
LF:5
LH:5
BRF:0
BRH:0
end_of_record
TN:
SF:/Users/paul/turing/mod4/other/quantified_self/models/mealfood.js
FN:2,(anonymous_0)
FN:7,(anonymous_1)
FNF:2
FNH:2
FNDA:2,(anonymous_0)
FNDA:2,(anonymous_1)
DA:2,2
DA:3,2
DA:7,2
DA:9,2
DA:10,2
DA:12,2
LF:6
LH:6
BRF:0
BRH:0
end_of_record
TN:
SF:/Users/paul/turing/mod4/other/quantified_self/routes/index.js
FN:5,(anonymous_0)
FNF:1
FNH:0
FNDA:0,(anonymous_0)
DA:1,2
DA:2,2
DA:5,2
DA:6,0
DA:9,2
LF:5
LH:4
BRF:0
BRH:0
end_of_record
TN:
SF:/Users/paul/turing/mod4/other/quantified_self/routes/users.js
FN:5,(anonymous_0)
FNF:1
FNH:0
FNDA:0,(anonymous_0)
DA:1,2
DA:2,2
DA:5,2
DA:6,0
DA:9,2
LF:5
LH:4
BRF:0
BRH:0
end_of_record
TN:
SF:/Users/paul/turing/mod4/other/quantified_self/routes/api/v1/foods.js
FN:5,(anonymous_0)
FN:7,(anonymous_1)
FN:11,(anonymous_2)
FN:17,(anonymous_3)
FN:23,(anonymous_4)
FN:32,(anonymous_5)
FN:38,(anonymous_6)
FN:44,(anonymous_7)
FN:48,(anonymous_8)
FN:58,(anonymous_9)
FN:65,(anonymous_10)
FN:71,(anonymous_11)
FN:75,(anonymous_12)
FN:81,(anonymous_13)
FN:91,(anonymous_14)
FN:97,(anonymous_15)
FN:100,(anonymous_16)
FN:105,(anonymous_17)
FNF:18
FNH:9
FNDA:1,(anonymous_0)
FNDA:1,(anonymous_1)
FNDA:0,(anonymous_2)
FNDA:2,(anonymous_3)
FNDA:2,(anonymous_4)
FNDA:0,(anonymous_5)
FNDA:2,(anonymous_6)
FNDA:1,(anonymous_7)
FNDA:0,(anonymous_8)
FNDA:2,(anonymous_9)
FNDA:0,(anonymous_10)
FNDA:0,(anonymous_11)
FNDA:0,(anonymous_12)
FNDA:0,(anonymous_13)
FNDA:1,(anonymous_14)
FNDA:1,(anonymous_15)
FNDA:0,(anonymous_16)
FNDA:0,(anonymous_17)
DA:1,2
DA:2,2
DA:3,2
DA:5,2
DA:6,1
DA:8,1
DA:9,1
DA:12,0
DA:13,0
DA:17,2
DA:18,2
DA:24,2
DA:25,1
DA:26,1
DA:28,1
DA:29,1
DA:33,0
DA:34,0
DA:38,2
DA:39,2
DA:40,1
DA:45,1
DA:46,1
DA:49,0
DA:50,0
DA:53,1
DA:54,1
DA:58,2
DA:59,2
DA:60,1
DA:66,0
DA:67,0
DA:72,0
DA:73,0
DA:76,0
DA:77,0
DA:82,0
DA:83,0
DA:86,1
DA:87,1
DA:91,2
DA:92,1
DA:98,1
DA:99,0
DA:101,0
DA:102,0
DA:103,0
DA:106,0
DA:107,0
DA:110,1
DA:111,1
DA:116,2
LF:52
LH:32
BRDA:24,0,0,1
BRDA:24,0,1,1
BRDA:39,1,0,1
BRDA:39,1,1,1
BRDA:39,2,0,2
BRDA:39,2,1,1
BRDA:59,3,0,1
BRDA:59,3,1,1
BRDA:59,4,0,2
BRDA:59,4,1,1
BRDA:66,5,0,0
BRDA:66,5,1,0
BRDA:98,6,0,0
BRDA:98,6,1,1
BRF:14
BRH:11
end_of_record
TN:
SF:/Users/paul/turing/mod4/other/quantified_self/routes/api/v1/meals.js
FN:7,(anonymous_0)
FN:18,(anonymous_1)
FN:52,(anonymous_2)
FN:59,(anonymous_3)
FN:60,(anonymous_4)
FN:63,(anonymous_5)
FN:73,(anonymous_6)
FN:74,(anonymous_7)
FN:77,(anonymous_8)
FNF:9
FNH:7
FNDA:3,(anonymous_0)
FNDA:2,(anonymous_1)
FNDA:1,(anonymous_2)
FNDA:1,(anonymous_3)
FNDA:0,(anonymous_4)
FNDA:1,(anonymous_5)
FNDA:1,(anonymous_6)
FNDA:0,(anonymous_7)
FNDA:1,(anonymous_8)
DA:1,2
DA:2,2
DA:3,2
DA:4,2
DA:5,2
DA:7,2
DA:8,3
DA:9,3
DA:11,3
DA:18,2
DA:19,2
DA:20,2
DA:25,2
DA:31,2
DA:32,2
DA:38,2
DA:39,1
DA:41,1
DA:45,1
DA:52,2
DA:53,1
DA:54,1
DA:59,1
DA:60,0
DA:63,2
DA:64,1
DA:65,1
DA:73,1
DA:74,0
DA:77,2
DA:78,1
DA:79,1
DA:84,1
DA:90,1
DA:91,1
DA:96,1
DA:98,0
DA:105,2
LF:38
LH:35
BRDA:9,0,0,3
BRDA:9,0,1,0
BRDA:31,1,0,2
BRDA:31,1,1,0
BRDA:31,2,0,2
BRDA:31,2,1,2
BRDA:38,3,0,1
BRDA:38,3,1,1
BRDA:90,4,0,1
BRDA:90,4,1,0
BRDA:90,5,0,1
BRDA:90,5,1,1
BRF:12
BRH:9
end_of_record
